2017-03-07 17:32:06,734 [main] INFO  o.e.j.client.core.ClientTestImpl - adding IAUTEventListener org.eclipse.jubula.client.ui.rcp.controllers.TestExecutionContributor:org.eclipse.jubula.client.ui.rcp.controllers.TestExecutionContributor@94f79a7
2017-03-07 17:32:14,229 [Worker-2] INFO  c.g.t.t.d.PublishedGradleVersions - Gradle version information cache is up-to-date. Trying to read.
2017-03-07 17:33:43,194 [Worker-6] INFO  o.e.m.c.i.l.LifecycleMappingFactory - Using org.eclipse.m2e.jdt.JarLifecycleMapping lifecycle mapping for MavenProject: com.kripesh:SharingPicture:0.0.1-SNAPSHOT @ E:\SharingPicture\SharingPicture\SharingPicture\pom.xml.
2017-03-07 17:33:44,572 [Worker-6] INFO  o.e.m.j.i.AbstractJavaProjectConfigurator - Adding source folder /SharingPicture/src/main/java
2017-03-07 17:33:44,573 [Worker-6] INFO  o.e.m.j.i.AbstractJavaProjectConfigurator - Adding resource folder /SharingPicture/src/main/resources
2017-03-07 17:33:44,580 [Worker-6] INFO  o.e.m.j.i.AbstractJavaProjectConfigurator - Adding resource folder /SharingPicture/src/main/resources
2017-03-07 17:33:44,596 [Worker-6] INFO  o.e.m.j.i.AbstractJavaProjectConfigurator - Adding source folder /SharingPicture/src/test/java
2017-03-07 17:33:45,206 [Worker-6] INFO  o.e.m.c.i.p.ProjectConfigurationManager - Imported and configured 1 project(s) in 3 sec
2017-03-07 17:33:45,210 [Worker-6] INFO  o.e.m.c.i.p.ProjectConfigurationManager - Update started
2017-03-07 17:33:45,914 [Worker-6] INFO  o.e.m.c.i.l.LifecycleMappingFactory - Using org.eclipse.m2e.jdt.JarLifecycleMapping lifecycle mapping for MavenProject: com.kripesh:SharingPicture:0.0.1-SNAPSHOT @ E:\SharingPicture\SharingPicture\SharingPicture\pom.xml.
2017-03-07 17:33:46,721 [Worker-6] INFO  o.e.m.j.i.AbstractJavaProjectConfigurator - Adding source folder /SharingPicture/src/main/java
2017-03-07 17:33:46,722 [Worker-6] INFO  o.e.m.j.i.AbstractJavaProjectConfigurator - Adding resource folder /SharingPicture/src/main/resources
2017-03-07 17:33:46,722 [Worker-6] INFO  o.e.m.j.i.AbstractJavaProjectConfigurator - Adding resource folder /SharingPicture/src/main/resources
2017-03-07 17:33:46,723 [Worker-6] INFO  o.e.m.j.i.AbstractJavaProjectConfigurator - Adding source folder /SharingPicture/src/test/java
2017-03-07 17:33:46,929 [Worker-6] INFO  o.e.m.c.i.p.ProjectConfigurationManager - Update completed: 1 sec
2017-03-07 17:33:49,393 [Worker-6] INFO  o.e.m.c.i.embedder.EclipseLogger - Using 'UTF-8' encoding to copy filtered resources.
2017-03-07 17:33:49,397 [Worker-6] INFO  o.e.m.c.i.embedder.EclipseLogger - Copying 1 resource
2017-03-07 17:33:49,407 [Worker-6] INFO  o.e.m.c.i.embedder.EclipseLogger - Copying 0 resource
2017-03-07 17:33:49,411 [Worker-6] INFO  o.e.m.c.i.embedder.EclipseLogger - Using 'UTF-8' encoding to copy filtered resources.
2017-03-07 17:33:49,411 [Worker-6] INFO  o.e.m.c.i.embedder.EclipseLogger - skip non existing resourceDirectory E:\SharingPicture\SharingPicture\SharingPicture\src\test\resources
